0 info it worked if it ends with ok
1 verbose cli [ 'node',
1 verbose cli   '/usr/local/bin/npm',
1 verbose cli   'install',
1 verbose cli   'angularfire',
1 verbose cli   '--save-dev' ]
2 info using npm@1.4.28
3 info using node@v0.10.32
4 warn package.json angular-to-do@0.1.0 No description
5 warn package.json angular-to-do@0.1.0 No repository field.
6 warn package.json angular-to-do@0.1.0 No README data
7 verbose readDependencies using package.json deps
8 verbose cache add [ 'angularfire', null ]
9 verbose cache add name=undefined spec="angularfire" args=["angularfire",null]
10 verbose parsed url { protocol: null,
10 verbose parsed url   slashes: null,
10 verbose parsed url   auth: null,
10 verbose parsed url   host: null,
10 verbose parsed url   port: null,
10 verbose parsed url   hostname: null,
10 verbose parsed url   hash: null,
10 verbose parsed url   search: null,
10 verbose parsed url   query: null,
10 verbose parsed url   pathname: 'angularfire',
10 verbose parsed url   path: 'angularfire',
10 verbose parsed url   href: 'angularfire' }
11 silly lockFile d327749f-angularfire angularfire
12 verbose lock angularfire /Users/wgaggioli/.npm/d327749f-angularfire.lock
13 silly lockFile d327749f-angularfire angularfire
14 silly lockFile d327749f-angularfire angularfire
15 verbose addNamed [ 'angularfire', '' ]
16 verbose addNamed [ null, '*' ]
17 silly lockFile 7dc4e5e4-angularfire angularfire@
18 verbose lock angularfire@ /Users/wgaggioli/.npm/7dc4e5e4-angularfire.lock
19 silly addNameRange { name: 'angularfire', range: '*', hasData: false }
20 verbose request where is /angularfire
21 verbose request registry https://registry.npmjs.org/
22 verbose request id 52a8b881bb64b203
23 verbose url raw /angularfire
24 verbose url resolving [ 'https://registry.npmjs.org/', './angularfire' ]
25 verbose url resolved https://registry.npmjs.org/angularfire
26 verbose request where is https://registry.npmjs.org/angularfire
27 info trying registry request attempt 1 at 19:23:41
28 http GET https://registry.npmjs.org/angularfire
29 http 200 https://registry.npmjs.org/angularfire
30 silly registry.get cb [ 200,
30 silly registry.get   { server: 'nginx/1.10.1',
30 silly registry.get     'content-type': 'application/json',
30 silly registry.get     'last-modified': 'Mon, 23 Jan 2017 18:43:19 GMT',
30 silly registry.get     etag: 'W/"58864ec7-90c1"',
30 silly registry.get     'content-encoding': 'gzip',
30 silly registry.get     'cache-control': 'max-age=300',
30 silly registry.get     'content-length': '4839',
30 silly registry.get     'accept-ranges': 'bytes',
30 silly registry.get     date: 'Tue, 21 Feb 2017 01:20:54 GMT',
30 silly registry.get     via: '1.1 varnish',
30 silly registry.get     age: '0',
30 silly registry.get     connection: 'keep-alive',
30 silly registry.get     'x-served-by': 'cache-ord1730-ORD',
30 silly registry.get     'x-cache': 'MISS',
30 silly registry.get     'x-cache-hits': '0',
30 silly registry.get     'x-timer': 'S1487640053.992438,VS0,VE21',
30 silly registry.get     vary: 'Accept-Encoding' } ]
31 silly addNameRange number 2 { name: 'angularfire', range: '*', hasData: true }
32 silly addNameRange versions [ 'angularfire',
32 silly addNameRange   [ '0.9.0',
32 silly addNameRange     '0.9.1',
32 silly addNameRange     '0.9.2',
32 silly addNameRange     '1.0.0',
32 silly addNameRange     '1.1.0',
32 silly addNameRange     '1.1.1',
32 silly addNameRange     '1.1.2',
32 silly addNameRange     '1.1.3',
32 silly addNameRange     '1.1.4',
32 silly addNameRange     '1.2.0',
32 silly addNameRange     '2.0.0',
32 silly addNameRange     '2.0.1',
32 silly addNameRange     '2.0.2',
32 silly addNameRange     '2.1.0',
32 silly addNameRange     '2.2.0',
32 silly addNameRange     '2.3.0' ] ]
33 verbose addNamed [ 'angularfire', '2.3.0' ]
34 verbose addNamed [ '2.3.0', '2.3.0' ]
35 silly lockFile ee620ac8-angularfire-2-3-0 angularfire@2.3.0
36 verbose lock angularfire@2.3.0 /Users/wgaggioli/.npm/ee620ac8-angularfire-2-3-0.lock
37 silly lockFile 8b176088-ngularfire-angularfire-2-3-0-tgz https://registry.npmjs.org/angularfire/-/angularfire-2.3.0.tgz
38 verbose lock https://registry.npmjs.org/angularfire/-/angularfire-2.3.0.tgz /Users/wgaggioli/.npm/8b176088-ngularfire-angularfire-2-3-0-tgz.lock
39 verbose addRemoteTarball [ 'https://registry.npmjs.org/angularfire/-/angularfire-2.3.0.tgz',
39 verbose addRemoteTarball   'c152d12b655cd21a039956015c7dcdfcc4f25da5' ]
40 info retry fetch attempt 1 at 19:23:42
41 verbose fetch to= /var/folders/k8/p8ss_60j5g51xdj5h01wr34r0000gn/T/npm-28659-fBywvUfZ/registry.npmjs.org/angularfire/-/angularfire-2.3.0.tgz
42 http GET https://registry.npmjs.org/angularfire/-/angularfire-2.3.0.tgz
43 http 200 https://registry.npmjs.org/angularfire/-/angularfire-2.3.0.tgz
44 silly lockFile 8b176088-ngularfire-angularfire-2-3-0-tgz https://registry.npmjs.org/angularfire/-/angularfire-2.3.0.tgz
45 silly lockFile 8b176088-ngularfire-angularfire-2-3-0-tgz https://registry.npmjs.org/angularfire/-/angularfire-2.3.0.tgz
46 silly lockFile ee620ac8-angularfire-2-3-0 angularfire@2.3.0
47 silly lockFile ee620ac8-angularfire-2-3-0 angularfire@2.3.0
48 silly lockFile 7dc4e5e4-angularfire angularfire@
49 silly lockFile 7dc4e5e4-angularfire angularfire@
50 silly resolved [ { name: 'angularfire',
50 silly resolved     description: 'The officially supported AngularJS binding for Firebase',
50 silly resolved     version: '2.3.0',
50 silly resolved     author: { name: 'Firebase', url: 'https://firebase.google.com/' },
50 silly resolved     homepage: 'https://github.com/firebase/angularfire',
50 silly resolved     repository:
50 silly resolved      { type: 'git',
50 silly resolved        url: 'git+https://github.com/firebase/angularfire.git' },
50 silly resolved     bugs: { url: 'https://github.com/firebase/angularfire/issues' },
50 silly resolved     license: 'MIT',
50 silly resolved     keywords: [ 'angular', 'angularjs', 'firebase', 'realtime' ],
50 silly resolved     main: 'index.js',
50 silly resolved     files: [ 'index.js', 'dist/**', 'LICENSE', 'README.md', 'package.json' ],
50 silly resolved     dependencies: { firebase: '3.x.x' },
50 silly resolved     peerDependencies: { angular: '^1.3.0', firebase: '3.x.x' },
50 silly resolved     devDependencies:
50 silly resolved      { angular: '^1.3.0',
50 silly resolved        'angular-mocks': '^1.6.0',
50 silly resolved        coveralls: '^2.11.2',
50 silly resolved        grunt: '^1.0.1',
50 silly resolved        'grunt-cli': '^1.2.0',
50 silly resolved        'grunt-contrib-concat': '^1.0.1',
50 silly resolved        'grunt-contrib-connect': '^1.0.2',
50 silly resolved        'grunt-contrib-jshint': '^0.11.0',
50 silly resolved        'grunt-contrib-uglify': '^2.0.0',
50 silly resolved        'grunt-contrib-watch': '^1.0.0',
50 silly resolved        'grunt-karma': '^2.0.0',
50 silly resolved        'grunt-notify': '^0.4.1',
50 silly resolved        'grunt-protractor-runner': '^4.0.0',
50 silly resolved        'grunt-shell-spawn': '^0.3.1',
50 silly resolved        'jasmine-core': '^2.2.0',
50 silly resolved        'jasmine-spec-reporter': '^2.1.0',
50 silly resolved        karma: '^1.3.0',
50 silly resolved        'karma-chrome-launcher': '^2.0.0',
50 silly resolved        'karma-coverage': '^1.1.1',
50 silly resolved        'karma-failed-reporter': '0.0.3',
50 silly resolved        'karma-firefox-launcher': '^1.0.0',
50 silly resolved        'karma-html2js-preprocessor': '^1.1.0',
50 silly resolved        'karma-jasmine': '^1.1.0',
50 silly resolved        'karma-sauce-launcher': '^1.1.0',
50 silly resolved        'karma-spec-reporter': '^0.0.26',
50 silly resolved        'load-grunt-tasks': '^3.1.0',
50 silly resolved        protractor: '^4.0.13' },
50 silly resolved     gitHead: '8678f727648386019bc6fcaaadb7599ae064ca7b',
50 silly resolved     _id: 'angularfire@2.3.0',
50 silly resolved     scripts: {},
50 silly resolved     _shasum: 'c152d12b655cd21a039956015c7dcdfcc4f25da5',
50 silly resolved     _from: 'angularfire@',
50 silly resolved     _npmVersion: '3.10.8',
50 silly resolved     _nodeVersion: '6.9.1',
50 silly resolved     _npmUser: { name: 'firebase', email: 'operations+plainlogo@firebase.com' },
50 silly resolved     dist:
50 silly resolved      { shasum: 'c152d12b655cd21a039956015c7dcdfcc4f25da5',
50 silly resolved        tarball: 'https://registry.npmjs.org/angularfire/-/angularfire-2.3.0.tgz' },
50 silly resolved     maintainers: [ [Object] ],
50 silly resolved     _npmOperationalInternal:
50 silly resolved      { host: 'packages-18-east.internal.npmjs.com',
50 silly resolved        tmp: 'tmp/angularfire-2.3.0.tgz_1485196998540_0.6349718114361167' },
50 silly resolved     directories: {},
50 silly resolved     _resolved: 'https://registry.npmjs.org/angularfire/-/angularfire-2.3.0.tgz' } ]
51 info install angularfire@2.3.0 into /Users/wgaggioli/workspace/exercises/modern-framework/mushroom-mania/lib
52 info installOne angularfire@2.3.0
53 verbose node_modules/angularfire unbuild
54 verbose tar unpack /Users/wgaggioli/.npm/angularfire/2.3.0/package.tgz
55 silly lockFile aa105a15-nia-lib-node-modules-angularfire tar:///Users/wgaggioli/workspace/exercises/modern-framework/mushroom-mania/lib/node_modules/angularfire
56 verbose lock tar:///Users/wgaggioli/workspace/exercises/modern-framework/mushroom-mania/lib/node_modules/angularfire /Users/wgaggioli/.npm/aa105a15-nia-lib-node-modules-angularfire.lock
57 silly lockFile bc4b615b-pm-angularfire-2-3-0-package-tgz tar:///Users/wgaggioli/.npm/angularfire/2.3.0/package.tgz
58 verbose lock tar:///Users/wgaggioli/.npm/angularfire/2.3.0/package.tgz /Users/wgaggioli/.npm/bc4b615b-pm-angularfire-2-3-0-package-tgz.lock
59 silly gunzTarPerm modes [ '755', '644' ]
60 silly gunzTarPerm extractEntry package.json
61 silly gunzTarPerm extractEntry README.md
62 silly gunzTarPerm extractEntry LICENSE
63 silly gunzTarPerm extractEntry index.js
64 silly gunzTarPerm extractEntry changelog.txt
65 silly gunzTarPerm extractEntry dist/angularfire.js
66 silly gunzTarPerm extractEntry dist/angularfire.min.js
67 silly lockFile aa105a15-nia-lib-node-modules-angularfire tar:///Users/wgaggioli/workspace/exercises/modern-framework/mushroom-mania/lib/node_modules/angularfire
68 silly lockFile aa105a15-nia-lib-node-modules-angularfire tar:///Users/wgaggioli/workspace/exercises/modern-framework/mushroom-mania/lib/node_modules/angularfire
69 silly lockFile bc4b615b-pm-angularfire-2-3-0-package-tgz tar:///Users/wgaggioli/.npm/angularfire/2.3.0/package.tgz
70 silly lockFile bc4b615b-pm-angularfire-2-3-0-package-tgz tar:///Users/wgaggioli/.npm/angularfire/2.3.0/package.tgz
71 info preinstall angularfire@2.3.0
72 verbose readDependencies using package.json deps
73 verbose readDependencies using package.json deps
74 silly resolved []
75 verbose about to build /Users/wgaggioli/workspace/exercises/modern-framework/mushroom-mania/lib/node_modules/angularfire
76 info build /Users/wgaggioli/workspace/exercises/modern-framework/mushroom-mania/lib/node_modules/angularfire
77 verbose linkStuff [ false,
77 verbose linkStuff   false,
77 verbose linkStuff   false,
77 verbose linkStuff   '/Users/wgaggioli/workspace/exercises/modern-framework/mushroom-mania/lib/node_modules' ]
78 info linkStuff angularfire@2.3.0
79 verbose linkBins angularfire@2.3.0
80 verbose linkMans angularfire@2.3.0
81 verbose rebuildBundles angularfire@2.3.0
82 info install angularfire@2.3.0
83 info postinstall angularfire@2.3.0
84 error peerinvalid The package grunt does not satisfy its siblings' peerDependencies requirements!
84 error peerinvalid Peer grunt-contrib-jshint@0.11.3 wants grunt@>=0.4.0
84 error peerinvalid Peer grunt-contrib-nodeunit@0.4.1 wants grunt@~0.4.0
84 error peerinvalid Peer grunt-contrib-sass@0.9.2 wants grunt@>=0.4.0
84 error peerinvalid Peer grunt-contrib-uglify@0.5.1 wants grunt@~0.4.0
84 error peerinvalid Peer grunt-contrib-watch@0.6.1 wants grunt@~0.4.0
85 error System Darwin 13.4.0
86 error command "node" "/usr/local/bin/npm" "install" "angularfire" "--save-dev"
87 error cwd /Users/wgaggioli/workspace/exercises/modern-framework/mushroom-mania/lib
88 error node -v v0.10.32
89 error npm -v 1.4.28
90 error code EPEERINVALID
91 verbose exit [ 1, true ]
